c:\users\akash\desktop\github\slideshow_windows_port\slideshow\release\slideshow.pch
c:\users\akash\desktop\github\slideshow_windows_port\slideshow\release\vc141.pdb
c:\users\akash\desktop\github\slideshow_windows_port\slideshow\release\stdafx.obj
c:\users\akash\desktop\github\slideshow_windows_port\slideshow\release\utilities.obj
c:\users\akash\desktop\github\slideshow_windows_port\slideshow\release\ui.obj
c:\users\akash\desktop\github\slideshow_windows_port\slideshow\release\text.obj
c:\users\akash\desktop\github\slideshow_windows_port\slideshow\release\sound.obj
c:\users\akash\desktop\github\slideshow_windows_port\slideshow\release\slideshow.obj
c:\users\akash\desktop\github\slideshow_windows_port\slideshow\release\screen.obj
c:\users\akash\desktop\github\slideshow_windows_port\slideshow\release\mytext.obj
c:\users\akash\desktop\github\slideshow_windows_port\slideshow\release\mysound.obj
c:\users\akash\desktop\github\slideshow_windows_port\slideshow\release\myslide.obj
c:\users\akash\desktop\github\slideshow_windows_port\slideshow\release\myimage.obj
c:\users\akash\desktop\github\slideshow_windows_port\slideshow\release\initapi.obj
c:\users\akash\desktop\github\slideshow_windows_port\slideshow\release\image.obj
c:\users\akash\desktop\github\slideshow_windows_port\slideshow\release\handle.obj
c:\users\akash\desktop\github\slideshow_windows_port\slideshow\release\filehandle.obj
c:\users\akash\desktop\github\slideshow_windows_port\slideshow\release\button.obj
c:\users\akash\desktop\github\slideshow_windows_port\release\slideshow.exe
c:\users\akash\desktop\github\slideshow_windows_port\release\slideshow.pdb
c:\users\akash\desktop\github\slideshow_windows_port\release\slideshow.lib
c:\users\akash\desktop\github\slideshow_windows_port\release\slideshow.exp
c:\users\akash\desktop\github\slideshow_windows_port\release\slideshow.ipdb
c:\users\akash\desktop\github\slideshow_windows_port\release\slideshow.iobj
c:\users\akash\desktop\github\slideshow_windows_port\slideshow\release\slideshow.tlog\cl.command.1.tlog
c:\users\akash\desktop\github\slideshow_windows_port\slideshow\release\slideshow.tlog\cl.read.1.tlog
c:\users\akash\desktop\github\slideshow_windows_port\slideshow\release\slideshow.tlog\cl.write.1.tlog
c:\users\akash\desktop\github\slideshow_windows_port\slideshow\release\slideshow.tlog\link.command.1.tlog
c:\users\akash\desktop\github\slideshow_windows_port\slideshow\release\slideshow.tlog\link.read.1.tlog
c:\users\akash\desktop\github\slideshow_windows_port\slideshow\release\slideshow.tlog\link.write.1.tlog
c:\users\akash\desktop\github\slideshow_windows_port\slideshow\release\slideshow.tlog\slideshow.write.1u.tlog
