c:\users\akash\desktop\github\slideshow_windows_port\slideshow\debug\slideshow.pch
c:\users\akash\desktop\github\slideshow_windows_port\slideshow\debug\vc141.pdb
c:\users\akash\desktop\github\slideshow_windows_port\slideshow\debug\vc141.idb
c:\users\akash\desktop\github\slideshow_windows_port\slideshow\debug\stdafx.obj
c:\users\akash\desktop\github\slideshow_windows_port\slideshow\debug\utilities.obj
c:\users\akash\desktop\github\slideshow_windows_port\slideshow\debug\ui.obj
c:\users\akash\desktop\github\slideshow_windows_port\slideshow\debug\text.obj
c:\users\akash\desktop\github\slideshow_windows_port\slideshow\debug\sound.obj
c:\users\akash\desktop\github\slideshow_windows_port\slideshow\debug\slideshow.obj
c:\users\akash\desktop\github\slideshow_windows_port\slideshow\debug\slideid.obj
c:\users\akash\desktop\github\slideshow_windows_port\slideshow\debug\main.obj
c:\users\akash\desktop\github\slideshow_windows_port\slideshow\debug\screen.obj
c:\users\akash\desktop\github\slideshow_windows_port\slideshow\debug\mytext.obj
c:\users\akash\desktop\github\slideshow_windows_port\slideshow\debug\mysound.obj
c:\users\akash\desktop\github\slideshow_windows_port\slideshow\debug\myslide.obj
c:\users\akash\desktop\github\slideshow_windows_port\slideshow\debug\myimage.obj
c:\users\akash\desktop\github\slideshow_windows_port\slideshow\debug\initapi.obj
c:\users\akash\desktop\github\slideshow_windows_port\slideshow\debug\image.obj
c:\users\akash\desktop\github\slideshow_windows_port\slideshow\debug\handle.obj
c:\users\akash\desktop\github\slideshow_windows_port\slideshow\debug\filehandle.obj
c:\users\akash\desktop\github\slideshow_windows_port\slideshow\debug\button.obj
c:\users\akash\desktop\github\slideshow_windows_port\debug\slideshow.exe
c:\users\akash\desktop\github\slideshow_windows_port\debug\slideshow.ilk
c:\users\akash\desktop\github\slideshow_windows_port\debug\slideshow.pdb
c:\users\akash\desktop\github\slideshow_windows_port\debug\slideshow.lib
c:\users\akash\desktop\github\slideshow_windows_port\debug\slideshow.exp
c:\users\akash\desktop\github\slideshow_windows_port\slideshow\debug\slideshow.tlog\cl.command.1.tlog
c:\users\akash\desktop\github\slideshow_windows_port\slideshow\debug\slideshow.tlog\cl.read.1.tlog
c:\users\akash\desktop\github\slideshow_windows_port\slideshow\debug\slideshow.tlog\cl.write.1.tlog
c:\users\akash\desktop\github\slideshow_windows_port\slideshow\debug\slideshow.tlog\link.command.1.tlog
c:\users\akash\desktop\github\slideshow_windows_port\slideshow\debug\slideshow.tlog\link.read.1.tlog
c:\users\akash\desktop\github\slideshow_windows_port\slideshow\debug\slideshow.tlog\link.write.1.tlog
c:\users\akash\desktop\github\slideshow_windows_port\slideshow\debug\slideshow.tlog\slideshow.write.1u.tlog
